<?xml version="1.0" encoding="UTF-8"?>
<!-- Generated by org.testng.reporters.JUnitXMLReporter -->
<testsuite hostname="LAPTOP-QRRJ0926" ignored="0" name="Free CRM APP Test Cases" tests="10" failures="2" timestamp="30 Apr 2020 12:06:06 GMT" time="261.279" errors="0">
  <testcase name="verifyContansPagelabel" time="2.714" classname="com.crm.qa.testcases.ContactsPageTest"/>
  <testcase name="verifyHomePageTitleTest" time="0.056" classname="com.crm.qa.testcases.HomePageTest">
    <failure type="java.lang.AssertionError" message="Cogmento CRM expected:&amp;lt;Cogmento CRM&amp;gt; but was:&amp;lt;Home Page title doesnt match&amp;gt;">
      <![CDATA[java.lang.AssertionError: Cogmento CRM expected:<Cogmento CRM> but was:<Home Page title doesnt match>
	at com.crm.qa.testcases.HomePageTest.verifyHomePageTitleTest(HomePageTest.java:43)
... Removed 26 stack frames]]>
    </failure>
  </testcase> <!-- verifyHomePageTitleTest -->
  <testcase name="loginpagetitletest" time="0.015" classname="com.crm.qa.testcases.LoginPageTest"/>
  <testcase name="selectContactsText" time="3.509" classname="com.crm.qa.testcases.ContactsPageTest"/>
  <testcase name="verifyusernameTest" time="2.653" classname="com.crm.qa.testcases.HomePageTest"/>
  <testcase name="loginTest" time="0.738" classname="com.crm.qa.testcases.LoginPageTest"/>
  <testcase name="validateCreatenewContact" time="6.889" classname="com.crm.qa.testcases.ContactsPageTest"/>
  <testcase name="validateCreatenewContact" time="11.975" classname="com.crm.qa.testcases.ContactsPageTest"/>
  <testcase name="validateCreatenewContact" time="15.895" classname="com.crm.qa.testcases.ContactsPageTest">
    <failure type="org.openqa.selenium.NoSuchElementException" message="no such element: Unable to locate element: {&amp;quot;method&amp;quot;:&amp;quot;css selector&amp;quot;,&amp;quot;selector&amp;quot;:&amp;quot;*[name=&amp;apos;first_name&amp;apos;]&amp;quot;}
  (Session info: chrome=79.0.3945.88)
For documentation on this error, please visit: http://seleniumhq.org/exceptions/no_such_element.html
Build info: version: &amp;apos;3.5.3&amp;apos;, revision: &amp;apos;a88d25fe6b&amp;apos;, time: &amp;apos;2017-08-29T12:42:44.417Z&amp;apos;
System info: host: &amp;apos;LAPTOP-QRRJ0926&amp;apos;, ip: &amp;apos;192.168.0.105&amp;apos;, os.name: &amp;apos;Windows 10&amp;apos;, os.arch: &amp;apos;amd64&amp;apos;, os.version: &amp;apos;10.0&amp;apos;, java.version: &amp;apos;1.8.0_151&amp;apos;
Driver info: org.openqa.selenium.chrome.ChromeDriver
Capabilities [{networkConnectionEnabled=false, chrome={chromedriverVersion=79.0.3945.36 (3582db32b33893869b8c1339e8f4d9ed1816f143-refs/branch-heads/3945@{#614}), userDataDir=C:\Users\ANKUSH~1\AppData\Local\Temp\scoped_dir2900_1251941852}, timeouts={implicit=0, pageLoad=300000, script=30000}, pageLoadStrategy=normal, unhandledPromptBehavior=dismiss and notify, strictFileInteractability=false, platform=XP, proxy=Proxy(), goog:chromeOptions={debuggerAddress=localhost:50329}, acceptInsecureCerts=false, browserVersion=79.0.3945.88, browserName=chrome, javascriptEnabled=true, platformName=XP, setWindowRect=true}]
Session ID: 0ec1c67d64a4d66e8fa8180d2d241dc6
*** Element info: {Using=name, value=first_name}">
      <![CDATA[org.openqa.selenium.NoSuchElementException: no such element: Unable to locate element: {"method":"css selector","selector":"*[name='first_name']"}
  (Session info: chrome=79.0.3945.88)
For documentation on this error, please visit: http://seleniumhq.org/exceptions/no_such_element.html
Build info: version: '3.5.3', revision: 'a88d25fe6b', time: '2017-08-29T12:42:44.417Z'
System info: host: 'LAPTOP-QRRJ0926', ip: '192.168.0.105', os.name: 'Windows 10', os.arch: 'amd64', os.version: '10.0', java.version: '1.8.0_151'
Driver info: org.openqa.selenium.chrome.ChromeDriver
Capabilities [{networkConnectionEnabled=false, chrome={chromedriverVersion=79.0.3945.36 (3582db32b33893869b8c1339e8f4d9ed1816f143-refs/branch-heads/3945@{#614}), userDataDir=C:\Users\ANKUSH~1\AppData\Local\Temp\scoped_dir2900_1251941852}, timeouts={implicit=0, pageLoad=300000, script=30000}, pageLoadStrategy=normal, unhandledPromptBehavior=dismiss and notify, strictFileInteractability=false, platform=XP, proxy=Proxy(), goog:chromeOptions={debuggerAddress=localhost:50329}, acceptInsecureCerts=false, browserVersion=79.0.3945.88, browserName=chrome, javascriptEnabled=true, platformName=XP, setWindowRect=true}]
Session ID: 0ec1c67d64a4d66e8fa8180d2d241dc6
*** Element info: {Using=name, value=first_name}
	at org.openqa.selenium.remote.http.W3CHttpResponseCodec.createException(W3CHttpResponseCodec.java:185)
	at org.openqa.selenium.remote.http.W3CHttpResponseCodec.decode(W3CHttpResponseCodec.java:120)
	at org.openqa.selenium.remote.http.W3CHttpResponseCodec.decode(W3CHttpResponseCodec.java:49)
	at org.openqa.selenium.remote.HttpCommandExecutor.execute(HttpCommandExecutor.java:164)
	at org.openqa.selenium.remote.service.DriverCommandExecutor.execute(DriverCommandExecutor.java:82)
	at org.openqa.selenium.remote.RemoteWebDriver.execute(RemoteWebDriver.java:646)
	at org.openqa.selenium.remote.RemoteWebDriver.findElement(RemoteWebDriver.java:416)
	at org.openqa.selenium.remote.RemoteWebDriver.findElementByName(RemoteWebDriver.java:494)
	at org.openqa.selenium.By$ByName.findElement(By.java:303)
	at org.openqa.selenium.remote.RemoteWebDriver.findElement(RemoteWebDriver.java:408)
	at org.openqa.selenium.support.events.EventFiringWebDriver$2.invoke(EventFiringWebDriver.java:105)
	at com.sun.proxy.$Proxy8.findElement(Unknown Source)
	at org.openqa.selenium.support.events.EventFiringWebDriver.findElement(EventFiringWebDriver.java:189)
	at org.openqa.selenium.support.pagefactory.DefaultElementLocator.findElement(DefaultElementLocator.java:69)
	at org.openqa.selenium.support.pagefactory.internal.LocatingElementHandler.invoke(LocatingElementHandler.java:38)
	at com.sun.proxy.$Proxy12.sendKeys(Unknown Source)
	at com.crm.qa.pages.ContactsPage.createNewContact(ContactsPage.java:41)
	at com.crm.qa.testcases.ContactsPageTest.validateCreatenewContact(ContactsPageTest.java:75)
... Removed 32 stack frames]]>
    </failure>
  </testcase> <!-- validateCreatenewContact -->
  <testcase name="verifyContactslinkTest" time="3.437" classname="com.crm.qa.testcases.HomePageTest"/>
</testsuite> <!-- Free CRM APP Test Cases -->
